语法

    0 $accept: Program $end

    1 Program: ExtDefList

    2 ExtDefList: ExtDef ExtDefList
    3           | /* 空 */

    4 ExtDef: Specifier ExtDecList SEMI
    5       | Specifier SEMI
    6       | Specifier FunDec CompSt
    7       | error SEMI

    8 ExtDecList: VarDec
    9           | VarDec COMMA ExtDecList

   10 Specifier: TYPE
   11          | StructSpecifier

   12 StructSpecifier: STRUCT OptTag LC DefList RC
   13                | STRUCT Tag

   14 OptTag: ID
   15       | /* 空 */

   16 Tag: ID

   17 VarDec: ID
   18       | VarDec LB INT RB

   19 FunDec: ID LP VarList RP
   20       | ID LP RP
   21       | error RP

   22 VarList: ParamDec COMMA VarList
   23        | ParamDec

   24 ParamDec: Specifier VarDec

   25 CompSt: LC DefList StmtList RC

   26 StmtList: Stmt StmtList
   27         | /* 空 */

   28 Stmt: Exp SEMI
   29     | CompSt
   30     | RETURN Exp SEMI
   31     | IF LP Exp RP Stmt
   32     | IF LP Exp RP Stmt ELSE Stmt
   33     | WHILE LP Exp RP Stmt

   34 DefList: Def DefList
   35        | /* 空 */

   36 Def: Specifier DecList SEMI
   37    | error SEMI

   38 DecList: Dec
   39        | Dec COMMA DecList

   40 Dec: VarDec
   41    | VarDec ASSIGNOP Exp

   42 Exp: Exp ASSIGNOP Exp
   43    | Exp AND Exp
   44    | Exp OR Exp
   45    | Exp RELOP Exp
   46    | Exp PLUS Exp
   47    | Exp MINUS Exp
   48    | Exp STAR Exp
   49    | Exp DIV Exp
   50    | LP Exp RP
   51    | MINUS Exp
   52    | NOT Exp
   53    | ID LP Args RP
   54    | ID LP RP
   55    | Exp LB Exp RB
   56    | Exp DOT ID
   57    | ID
   58    | INT
   59    | FLOAT

   60 Args: Exp COMMA Args
   61     | Exp


Terminals, with rules where they appear

$end (0) 0
error (256) 7 21 37
INT (258) 18 58
FLOAT (259) 59
ID (260) 14 16 17 19 20 53 54 56 57
SEMI (261) 4 5 7 28 30 36 37
COMMA (262) 9 22 39 60
LC (263) 12 25
RC (264) 12 25
TYPE (265) 10
STRUCT (266) 12 13
RETURN (267) 30
IF (268) 31 32
WHILE (269) 33
ASSIGNOP (270) 41 42
OR (271) 44
AND (272) 43
RELOP (273) 45
MINUS (274) 47 51
PLUS (275) 46
DIV (276) 49
STAR (277) 48
NOT (278) 52
DOT (279) 56
RB (280) 18 55
LB (281) 18 55
RP (282) 19 20 21 31 32 33 50 53 54
LP (283) 19 20 31 32 33 50 53 54
LOWER_THAN_ELSE (284)
ELSE (285) 32


Nonterminals, with rules where they appear

$accept (31)
    左： 0
Program (32)
    左： 1, 右： 0
ExtDefList (33)
    左： 2 3, 右： 1 2
ExtDef (34)
    左： 4 5 6 7, 右： 2
ExtDecList (35)
    左： 8 9, 右： 4 9
Specifier (36)
    左： 10 11, 右： 4 5 6 24 36
StructSpecifier (37)
    左： 12 13, 右： 11
OptTag (38)
    左： 14 15, 右： 12
Tag (39)
    左： 16, 右： 13
VarDec (40)
    左： 17 18, 右： 8 9 18 24 40 41
FunDec (41)
    左： 19 20 21, 右： 6
VarList (42)
    左： 22 23, 右： 19 22
ParamDec (43)
    左： 24, 右： 22 23
CompSt (44)
    左： 25, 右： 6 29
StmtList (45)
    左： 26 27, 右： 25 26
Stmt (46)
    左： 28 29 30 31 32 33, 右： 26 31 32 33
DefList (47)
    左： 34 35, 右： 12 25 34
Def (48)
    左： 36 37, 右： 34
DecList (49)
    左： 38 39, 右： 36 39
Dec (50)
    左： 40 41, 右： 38 39
Exp (51)
    左： 42 43 44 45 46 47 48 49 50 51 52 53 54 55 56 57 58 59, 右：
    28 30 31 32 33 41 42 43 44 45 46 47 48 49 50 51 52 55 56 60 61
Args (52)
    左： 60 61, 右： 53 60


状态 0

    0 $accept: . Program $end

    error   shift, and go to state 1
    TYPE    shift, and go to state 2
    STRUCT  shift, and go to state 3

    $end  reduce using rule 3 (ExtDefList)

    Program          转到状态4
    ExtDefList       转到状态5
    ExtDef           转到状态6
    Specifier        转到状态7
    StructSpecifier  转到状态8


状态 1

    7 ExtDef: error . SEMI

    SEMI  shift, and go to state 9


状态 2

   10 Specifier: TYPE .

    $default  reduce using rule 10 (Specifier)


状态 3

   12 StructSpecifier: STRUCT . OptTag LC DefList RC
   13                | STRUCT . Tag

    ID  shift, and go to state 10

    $default  reduce using rule 15 (OptTag)

    OptTag  转到状态11
    Tag     转到状态12


状态 4

    0 $accept: Program . $end

    $end  shift, and go to state 13


状态 5

    1 Program: ExtDefList .

    $default  reduce using rule 1 (Program)


状态 6

    2 ExtDefList: ExtDef . ExtDefList

    error   shift, and go to state 1
    TYPE    shift, and go to state 2
    STRUCT  shift, and go to state 3

    $end  reduce using rule 3 (ExtDefList)

    ExtDefList       转到状态14
    ExtDef           转到状态6
    Specifier        转到状态7
    StructSpecifier  转到状态8


状态 7

    4 ExtDef: Specifier . ExtDecList SEMI
    5       | Specifier . SEMI
    6       | Specifier . FunDec CompSt

    error  shift, and go to state 15
    ID     shift, and go to state 16
    SEMI   shift, and go to state 17

    ExtDecList  转到状态18
    VarDec      转到状态19
    FunDec      转到状态20


状态 8

   11 Specifier: StructSpecifier .

    $default  reduce using rule 11 (Specifier)


状态 9

    7 ExtDef: error SEMI .

    $default  reduce using rule 7 (ExtDef)


状态 10

   14 OptTag: ID .
   16 Tag: ID .

    LC        reduce using rule 14 (OptTag)
    $default  reduce using rule 16 (Tag)


状态 11

   12 StructSpecifier: STRUCT OptTag . LC DefList RC

    LC  shift, and go to state 21


状态 12

   13 StructSpecifier: STRUCT Tag .

    $default  reduce using rule 13 (StructSpecifier)


状态 13

    0 $accept: Program $end .

    $default  接受


状态 14

    2 ExtDefList: ExtDef ExtDefList .

    $default  reduce using rule 2 (ExtDefList)


状态 15

   21 FunDec: error . RP

    RP  shift, and go to state 22


状态 16

   17 VarDec: ID .
   19 FunDec: ID . LP VarList RP
   20       | ID . LP RP

    LP  shift, and go to state 23

    $default  reduce using rule 17 (VarDec)


状态 17

    5 ExtDef: Specifier SEMI .

    $default  reduce using rule 5 (ExtDef)


状态 18

    4 ExtDef: Specifier ExtDecList . SEMI

    SEMI  shift, and go to state 24


状态 19

    8 ExtDecList: VarDec .
    9           | VarDec . COMMA ExtDecList
   18 VarDec: VarDec . LB INT RB

    COMMA  shift, and go to state 25
    LB     shift, and go to state 26

    $default  reduce using rule 8 (ExtDecList)


状态 20

    6 ExtDef: Specifier FunDec . CompSt

    LC  shift, and go to state 27

    CompSt  转到状态28


状态 21

   12 StructSpecifier: STRUCT OptTag LC . DefList RC

    error   shift, and go to state 29
    TYPE    shift, and go to state 2
    STRUCT  shift, and go to state 3

    RC  reduce using rule 35 (DefList)

    Specifier        转到状态30
    StructSpecifier  转到状态8
    DefList          转到状态31
    Def              转到状态32


状态 22

   21 FunDec: error RP .

    $default  reduce using rule 21 (FunDec)


状态 23

   19 FunDec: ID LP . VarList RP
   20       | ID LP . RP

    TYPE    shift, and go to state 2
    STRUCT  shift, and go to state 3
    RP      shift, and go to state 33

    Specifier        转到状态34
    StructSpecifier  转到状态8
    VarList          转到状态35
    ParamDec         转到状态36


状态 24

    4 ExtDef: Specifier ExtDecList SEMI .

    $default  reduce using rule 4 (ExtDef)


状态 25

    9 ExtDecList: VarDec COMMA . ExtDecList

    ID  shift, and go to state 37

    ExtDecList  转到状态38
    VarDec      转到状态19


状态 26

   18 VarDec: VarDec LB . INT RB

    INT  shift, and go to state 39


状态 27

   25 CompSt: LC . DefList StmtList RC

    error   shift, and go to state 29
    TYPE    shift, and go to state 2
    STRUCT  shift, and go to state 3

    INT     reduce using rule 35 (DefList)
    FLOAT   reduce using rule 35 (DefList)
    ID      reduce using rule 35 (DefList)
    LC      reduce using rule 35 (DefList)
    RC      reduce using rule 35 (DefList)
    RETURN  reduce using rule 35 (DefList)
    IF      reduce using rule 35 (DefList)
    WHILE   reduce using rule 35 (DefList)
    MINUS   reduce using rule 35 (DefList)
    NOT     reduce using rule 35 (DefList)
    LP      reduce using rule 35 (DefList)

    Specifier        转到状态30
    StructSpecifier  转到状态8
    DefList          转到状态40
    Def              转到状态32


状态 28

    6 ExtDef: Specifier FunDec CompSt .

    $default  reduce using rule 6 (ExtDef)


状态 29

   37 Def: error . SEMI

    SEMI  shift, and go to state 41


状态 30

   36 Def: Specifier . DecList SEMI

    ID  shift, and go to state 37

    VarDec   转到状态42
    DecList  转到状态43
    Dec      转到状态44


状态 31

   12 StructSpecifier: STRUCT OptTag LC DefList . RC

    RC  shift, and go to state 45


状态 32

   34 DefList: Def . DefList

    error   shift, and go to state 29
    TYPE    shift, and go to state 2
    STRUCT  shift, and go to state 3

    INT     reduce using rule 35 (DefList)
    FLOAT   reduce using rule 35 (DefList)
    ID      reduce using rule 35 (DefList)
    LC      reduce using rule 35 (DefList)
    RC      reduce using rule 35 (DefList)
    RETURN  reduce using rule 35 (DefList)
    IF      reduce using rule 35 (DefList)
    WHILE   reduce using rule 35 (DefList)
    MINUS   reduce using rule 35 (DefList)
    NOT     reduce using rule 35 (DefList)
    LP      reduce using rule 35 (DefList)

    Specifier        转到状态30
    StructSpecifier  转到状态8
    DefList          转到状态46
    Def              转到状态32


状态 33

   20 FunDec: ID LP RP .

    $default  reduce using rule 20 (FunDec)


状态 34

   24 ParamDec: Specifier . VarDec

    ID  shift, and go to state 37

    VarDec  转到状态47


状态 35

   19 FunDec: ID LP VarList . RP

    RP  shift, and go to state 48


状态 36

   22 VarList: ParamDec . COMMA VarList
   23        | ParamDec .

    COMMA  shift, and go to state 49

    $default  reduce using rule 23 (VarList)


状态 37

   17 VarDec: ID .

    $default  reduce using rule 17 (VarDec)


状态 38

    9 ExtDecList: VarDec COMMA ExtDecList .

    $default  reduce using rule 9 (ExtDecList)


状态 39

   18 VarDec: VarDec LB INT . RB

    RB  shift, and go to state 50


状态 40

   25 CompSt: LC DefList . StmtList RC

    INT     shift, and go to state 51
    FLOAT   shift, and go to state 52
    ID      shift, and go to state 53
    LC      shift, and go to state 27
    RETURN  shift, and go to state 54
    IF      shift, and go to state 55
    WHILE   shift, and go to state 56
    MINUS   shift, and go to state 57
    NOT     shift, and go to state 58
    LP      shift, and go to state 59

    $default  reduce using rule 27 (StmtList)

    CompSt    转到状态60
    StmtList  转到状态61
    Stmt      转到状态62
    Exp       转到状态63


状态 41

   37 Def: error SEMI .

    $default  reduce using rule 37 (Def)


状态 42

   18 VarDec: VarDec . LB INT RB
   40 Dec: VarDec .
   41    | VarDec . ASSIGNOP Exp

    ASSIGNOP  shift, and go to state 64
    LB        shift, and go to state 26

    $default  reduce using rule 40 (Dec)


状态 43

   36 Def: Specifier DecList . SEMI

    SEMI  shift, and go to state 65


状态 44

   38 DecList: Dec .
   39        | Dec . COMMA DecList

    COMMA  shift, and go to state 66

    $default  reduce using rule 38 (DecList)


状态 45

   12 StructSpecifier: STRUCT OptTag LC DefList RC .

    $default  reduce using rule 12 (StructSpecifier)


状态 46

   34 DefList: Def DefList .

    $default  reduce using rule 34 (DefList)


状态 47

   18 VarDec: VarDec . LB INT RB
   24 ParamDec: Specifier VarDec .

    LB  shift, and go to state 26

    $default  reduce using rule 24 (ParamDec)


状态 48

   19 FunDec: ID LP VarList RP .

    $default  reduce using rule 19 (FunDec)


状态 49

   22 VarList: ParamDec COMMA . VarList

    TYPE    shift, and go to state 2
    STRUCT  shift, and go to state 3

    Specifier        转到状态34
    StructSpecifier  转到状态8
    VarList          转到状态67
    ParamDec         转到状态36


状态 50

   18 VarDec: VarDec LB INT RB .

    $default  reduce using rule 18 (VarDec)


状态 51

   58 Exp: INT .

    $default  reduce using rule 58 (Exp)


状态 52

   59 Exp: FLOAT .

    $default  reduce using rule 59 (Exp)


状态 53

   53 Exp: ID . LP Args RP
   54    | ID . LP RP
   57    | ID .

    LP  shift, and go to state 68

    $default  reduce using rule 57 (Exp)


状态 54

   30 Stmt: RETURN . Exp SEMI

    INT    shift, and go to state 51
    FLOAT  shift, and go to state 52
    ID     shift, and go to state 53
    MINUS  shift, and go to state 57
    NOT    shift, and go to state 58
    LP     shift, and go to state 59

    Exp  转到状态69


状态 55

   31 Stmt: IF . LP Exp RP Stmt
   32     | IF . LP Exp RP Stmt ELSE Stmt

    LP  shift, and go to state 70


状态 56

   33 Stmt: WHILE . LP Exp RP Stmt

    LP  shift, and go to state 71


状态 57

   51 Exp: MINUS . Exp

    INT    shift, and go to state 51
    FLOAT  shift, and go to state 52
    ID     shift, and go to state 53
    MINUS  shift, and go to state 57
    NOT    shift, and go to state 58
    LP     shift, and go to state 59

    Exp  转到状态72


状态 58

   52 Exp: NOT . Exp

    INT    shift, and go to state 51
    FLOAT  shift, and go to state 52
    ID     shift, and go to state 53
    MINUS  shift, and go to state 57
    NOT    shift, and go to state 58
    LP     shift, and go to state 59

    Exp  转到状态73


状态 59

   50 Exp: LP . Exp RP

    INT    shift, and go to state 51
    FLOAT  shift, and go to state 52
    ID     shift, and go to state 53
    MINUS  shift, and go to state 57
    NOT    shift, and go to state 58
    LP     shift, and go to state 59

    Exp  转到状态74


状态 60

   29 Stmt: CompSt .

    $default  reduce using rule 29 (Stmt)


状态 61

   25 CompSt: LC DefList StmtList . RC

    RC  shift, and go to state 75


状态 62

   26 StmtList: Stmt . StmtList

    INT     shift, and go to state 51
    FLOAT   shift, and go to state 52
    ID      shift, and go to state 53
    LC      shift, and go to state 27
    RETURN  shift, and go to state 54
    IF      shift, and go to state 55
    WHILE   shift, and go to state 56
    MINUS   shift, and go to state 57
    NOT     shift, and go to state 58
    LP      shift, and go to state 59

    $default  reduce using rule 27 (StmtList)

    CompSt    转到状态60
    StmtList  转到状态76
    Stmt      转到状态62
    Exp       转到状态63


状态 63

   28 Stmt: Exp . SEMI
   42 Exp: Exp . ASSIGNOP Exp
   43    | Exp . AND Exp
   44    | Exp . OR Exp
   45    | Exp . RELOP Exp
   46    | Exp . PLUS Exp
   47    | Exp . MINUS Exp
   48    | Exp . STAR Exp
   49    | Exp . DIV Exp
   55    | Exp . LB Exp RB
   56    | Exp . DOT ID

    SEMI      shift, and go to state 77
    ASSIGNOP  shift, and go to state 78
    OR        shift, and go to state 79
    AND       shift, and go to state 80
    RELOP     shift, and go to state 81
    MINUS     shift, and go to state 82
    PLUS      shift, and go to state 83
    DIV       shift, and go to state 84
    STAR      shift, and go to state 85
    DOT       shift, and go to state 86
    LB        shift, and go to state 87


状态 64

   41 Dec: VarDec ASSIGNOP . Exp

    INT    shift, and go to state 51
    FLOAT  shift, and go to state 52
    ID     shift, and go to state 53
    MINUS  shift, and go to state 57
    NOT    shift, and go to state 58
    LP     shift, and go to state 59

    Exp  转到状态88


状态 65

   36 Def: Specifier DecList SEMI .

    $default  reduce using rule 36 (Def)


状态 66

   39 DecList: Dec COMMA . DecList

    ID  shift, and go to state 37

    VarDec   转到状态42
    DecList  转到状态89
    Dec      转到状态44


状态 67

   22 VarList: ParamDec COMMA VarList .

    $default  reduce using rule 22 (VarList)


状态 68

   53 Exp: ID LP . Args RP
   54    | ID LP . RP

    INT    shift, and go to state 51
    FLOAT  shift, and go to state 52
    ID     shift, and go to state 53
    MINUS  shift, and go to state 57
    NOT    shift, and go to state 58
    RP     shift, and go to state 90
    LP     shift, and go to state 59

    Exp   转到状态91
    Args  转到状态92


状态 69

   30 Stmt: RETURN Exp . SEMI
   42 Exp: Exp . ASSIGNOP Exp
   43    | Exp . AND Exp
   44    | Exp . OR Exp
   45    | Exp . RELOP Exp
   46    | Exp . PLUS Exp
   47    | Exp . MINUS Exp
   48    | Exp . STAR Exp
   49    | Exp . DIV Exp
   55    | Exp . LB Exp RB
   56    | Exp . DOT ID

    SEMI      shift, and go to state 93
    ASSIGNOP  shift, and go to state 78
    OR        shift, and go to state 79
    AND       shift, and go to state 80
    RELOP     shift, and go to state 81
    MINUS     shift, and go to state 82
    PLUS      shift, and go to state 83
    DIV       shift, and go to state 84
    STAR      shift, and go to state 85
    DOT       shift, and go to state 86
    LB        shift, and go to state 87


状态 70

   31 Stmt: IF LP . Exp RP Stmt
   32     | IF LP . Exp RP Stmt ELSE Stmt

    INT    shift, and go to state 51
    FLOAT  shift, and go to state 52
    ID     shift, and go to state 53
    MINUS  shift, and go to state 57
    NOT    shift, and go to state 58
    LP     shift, and go to state 59

    Exp  转到状态94


状态 71

   33 Stmt: WHILE LP . Exp RP Stmt

    INT    shift, and go to state 51
    FLOAT  shift, and go to state 52
    ID     shift, and go to state 53
    MINUS  shift, and go to state 57
    NOT    shift, and go to state 58
    LP     shift, and go to state 59

    Exp  转到状态95


状态 72

   42 Exp: Exp . ASSIGNOP Exp
   43    | Exp . AND Exp
   44    | Exp . OR Exp
   45    | Exp . RELOP Exp
   46    | Exp . PLUS Exp
   47    | Exp . MINUS Exp
   48    | Exp . STAR Exp
   49    | Exp . DIV Exp
   51    | MINUS Exp .
   55    | Exp . LB Exp RB
   56    | Exp . DOT ID

    DIV   shift, and go to state 84
    STAR  shift, and go to state 85
    DOT   shift, and go to state 86
    LB    shift, and go to state 87

    $default  reduce using rule 51 (Exp)


状态 73

   42 Exp: Exp . ASSIGNOP Exp
   43    | Exp . AND Exp
   44    | Exp . OR Exp
   45    | Exp . RELOP Exp
   46    | Exp . PLUS Exp
   47    | Exp . MINUS Exp
   48    | Exp . STAR Exp
   49    | Exp . DIV Exp
   52    | NOT Exp .
   55    | Exp . LB Exp RB
   56    | Exp . DOT ID

    DOT  shift, and go to state 86
    LB   shift, and go to state 87

    $default  reduce using rule 52 (Exp)


状态 74

   42 Exp: Exp . ASSIGNOP Exp
   43    | Exp . AND Exp
   44    | Exp . OR Exp
   45    | Exp . RELOP Exp
   46    | Exp . PLUS Exp
   47    | Exp . MINUS Exp
   48    | Exp . STAR Exp
   49    | Exp . DIV Exp
   50    | LP Exp . RP
   55    | Exp . LB Exp RB
   56    | Exp . DOT ID

    ASSIGNOP  shift, and go to state 78
    OR        shift, and go to state 79
    AND       shift, and go to state 80
    RELOP     shift, and go to state 81
    MINUS     shift, and go to state 82
    PLUS      shift, and go to state 83
    DIV       shift, and go to state 84
    STAR      shift, and go to state 85
    DOT       shift, and go to state 86
    LB        shift, and go to state 87
    RP        shift, and go to state 96


状态 75

   25 CompSt: LC DefList StmtList RC .

    $default  reduce using rule 25 (CompSt)


状态 76

   26 StmtList: Stmt StmtList .

    $default  reduce using rule 26 (StmtList)


状态 77

   28 Stmt: Exp SEMI .

    $default  reduce using rule 28 (Stmt)


状态 78

   42 Exp: Exp ASSIGNOP . Exp

    INT    shift, and go to state 51
    FLOAT  shift, and go to state 52
    ID     shift, and go to state 53
    MINUS  shift, and go to state 57
    NOT    shift, and go to state 58
    LP     shift, and go to state 59

    Exp  转到状态97


状态 79

   44 Exp: Exp OR . Exp

    INT    shift, and go to state 51
    FLOAT  shift, and go to state 52
    ID     shift, and go to state 53
    MINUS  shift, and go to state 57
    NOT    shift, and go to state 58
    LP     shift, and go to state 59

    Exp  转到状态98


状态 80

   43 Exp: Exp AND . Exp

    INT    shift, and go to state 51
    FLOAT  shift, and go to state 52
    ID     shift, and go to state 53
    MINUS  shift, and go to state 57
    NOT    shift, and go to state 58
    LP     shift, and go to state 59

    Exp  转到状态99


状态 81

   45 Exp: Exp RELOP . Exp

    INT    shift, and go to state 51
    FLOAT  shift, and go to state 52
    ID     shift, and go to state 53
    MINUS  shift, and go to state 57
    NOT    shift, and go to state 58
    LP     shift, and go to state 59

    Exp  转到状态100


状态 82

   47 Exp: Exp MINUS . Exp

    INT    shift, and go to state 51
    FLOAT  shift, and go to state 52
    ID     shift, and go to state 53
    MINUS  shift, and go to state 57
    NOT    shift, and go to state 58
    LP     shift, and go to state 59

    Exp  转到状态101


状态 83

   46 Exp: Exp PLUS . Exp

    INT    shift, and go to state 51
    FLOAT  shift, and go to state 52
    ID     shift, and go to state 53
    MINUS  shift, and go to state 57
    NOT    shift, and go to state 58
    LP     shift, and go to state 59

    Exp  转到状态102


状态 84

   49 Exp: Exp DIV . Exp

    INT    shift, and go to state 51
    FLOAT  shift, and go to state 52
    ID     shift, and go to state 53
    MINUS  shift, and go to state 57
    NOT    shift, and go to state 58
    LP     shift, and go to state 59

    Exp  转到状态103


状态 85

   48 Exp: Exp STAR . Exp

    INT    shift, and go to state 51
    FLOAT  shift, and go to state 52
    ID     shift, and go to state 53
    MINUS  shift, and go to state 57
    NOT    shift, and go to state 58
    LP     shift, and go to state 59

    Exp  转到状态104


状态 86

   56 Exp: Exp DOT . ID

    ID  shift, and go to state 105


状态 87

   55 Exp: Exp LB . Exp RB

    INT    shift, and go to state 51
    FLOAT  shift, and go to state 52
    ID     shift, and go to state 53
    MINUS  shift, and go to state 57
    NOT    shift, and go to state 58
    LP     shift, and go to state 59

    Exp  转到状态106


状态 88

   41 Dec: VarDec ASSIGNOP Exp .
   42 Exp: Exp . ASSIGNOP Exp
   43    | Exp . AND Exp
   44    | Exp . OR Exp
   45    | Exp . RELOP Exp
   46    | Exp . PLUS Exp
   47    | Exp . MINUS Exp
   48    | Exp . STAR Exp
   49    | Exp . DIV Exp
   55    | Exp . LB Exp RB
   56    | Exp . DOT ID

    ASSIGNOP  shift, and go to state 78
    OR        shift, and go to state 79
    AND       shift, and go to state 80
    RELOP     shift, and go to state 81
    MINUS     shift, and go to state 82
    PLUS      shift, and go to state 83
    DIV       shift, and go to state 84
    STAR      shift, and go to state 85
    DOT       shift, and go to state 86
    LB        shift, and go to state 87

    $default  reduce using rule 41 (Dec)


状态 89

   39 DecList: Dec COMMA DecList .

    $default  reduce using rule 39 (DecList)


状态 90

   54 Exp: ID LP RP .

    $default  reduce using rule 54 (Exp)


状态 91

   42 Exp: Exp . ASSIGNOP Exp
   43    | Exp . AND Exp
   44    | Exp . OR Exp
   45    | Exp . RELOP Exp
   46    | Exp . PLUS Exp
   47    | Exp . MINUS Exp
   48    | Exp . STAR Exp
   49    | Exp . DIV Exp
   55    | Exp . LB Exp RB
   56    | Exp . DOT ID
   60 Args: Exp . COMMA Args
   61     | Exp .

    COMMA     shift, and go to state 107
    ASSIGNOP  shift, and go to state 78
    OR        shift, and go to state 79
    AND       shift, and go to state 80
    RELOP     shift, and go to state 81
    MINUS     shift, and go to state 82
    PLUS      shift, and go to state 83
    DIV       shift, and go to state 84
    STAR      shift, and go to state 85
    DOT       shift, and go to state 86
    LB        shift, and go to state 87

    $default  reduce using rule 61 (Args)


状态 92

   53 Exp: ID LP Args . RP

    RP  shift, and go to state 108


状态 93

   30 Stmt: RETURN Exp SEMI .

    $default  reduce using rule 30 (Stmt)


状态 94

   31 Stmt: IF LP Exp . RP Stmt
   32     | IF LP Exp . RP Stmt ELSE Stmt
   42 Exp: Exp . ASSIGNOP Exp
   43    | Exp . AND Exp
   44    | Exp . OR Exp
   45    | Exp . RELOP Exp
   46    | Exp . PLUS Exp
   47    | Exp . MINUS Exp
   48    | Exp . STAR Exp
   49    | Exp . DIV Exp
   55    | Exp . LB Exp RB
   56    | Exp . DOT ID

    ASSIGNOP  shift, and go to state 78
    OR        shift, and go to state 79
    AND       shift, and go to state 80
    RELOP     shift, and go to state 81
    MINUS     shift, and go to state 82
    PLUS      shift, and go to state 83
    DIV       shift, and go to state 84
    STAR      shift, and go to state 85
    DOT       shift, and go to state 86
    LB        shift, and go to state 87
    RP        shift, and go to state 109


状态 95

   33 Stmt: WHILE LP Exp . RP Stmt
   42 Exp: Exp . ASSIGNOP Exp
   43    | Exp . AND Exp
   44    | Exp . OR Exp
   45    | Exp . RELOP Exp
   46    | Exp . PLUS Exp
   47    | Exp . MINUS Exp
   48    | Exp . STAR Exp
   49    | Exp . DIV Exp
   55    | Exp . LB Exp RB
   56    | Exp . DOT ID

    ASSIGNOP  shift, and go to state 78
    OR        shift, and go to state 79
    AND       shift, and go to state 80
    RELOP     shift, and go to state 81
    MINUS     shift, and go to state 82
    PLUS      shift, and go to state 83
    DIV       shift, and go to state 84
    STAR      shift, and go to state 85
    DOT       shift, and go to state 86
    LB        shift, and go to state 87
    RP        shift, and go to state 110


状态 96

   50 Exp: LP Exp RP .

    $default  reduce using rule 50 (Exp)


状态 97

   42 Exp: Exp . ASSIGNOP Exp
   42    | Exp ASSIGNOP Exp .
   43    | Exp . AND Exp
   44    | Exp . OR Exp
   45    | Exp . RELOP Exp
   46    | Exp . PLUS Exp
   47    | Exp . MINUS Exp
   48    | Exp . STAR Exp
   49    | Exp . DIV Exp
   55    | Exp . LB Exp RB
   56    | Exp . DOT ID

    ASSIGNOP  shift, and go to state 78
    OR        shift, and go to state 79
    AND       shift, and go to state 80
    RELOP     shift, and go to state 81
    MINUS     shift, and go to state 82
    PLUS      shift, and go to state 83
    DIV       shift, and go to state 84
    STAR      shift, and go to state 85
    DOT       shift, and go to state 86
    LB        shift, and go to state 87

    $default  reduce using rule 42 (Exp)


状态 98

   42 Exp: Exp . ASSIGNOP Exp
   43    | Exp . AND Exp
   44    | Exp . OR Exp
   44    | Exp OR Exp .
   45    | Exp . RELOP Exp
   46    | Exp . PLUS Exp
   47    | Exp . MINUS Exp
   48    | Exp . STAR Exp
   49    | Exp . DIV Exp
   55    | Exp . LB Exp RB
   56    | Exp . DOT ID

    AND    shift, and go to state 80
    RELOP  shift, and go to state 81
    MINUS  shift, and go to state 82
    PLUS   shift, and go to state 83
    DIV    shift, and go to state 84
    STAR   shift, and go to state 85
    DOT    shift, and go to state 86
    LB     shift, and go to state 87

    $default  reduce using rule 44 (Exp)


状态 99

   42 Exp: Exp . ASSIGNOP Exp
   43    | Exp . AND Exp
   43    | Exp AND Exp .
   44    | Exp . OR Exp
   45    | Exp . RELOP Exp
   46    | Exp . PLUS Exp
   47    | Exp . MINUS Exp
   48    | Exp . STAR Exp
   49    | Exp . DIV Exp
   55    | Exp . LB Exp RB
   56    | Exp . DOT ID

    RELOP  shift, and go to state 81
    MINUS  shift, and go to state 82
    PLUS   shift, and go to state 83
    DIV    shift, and go to state 84
    STAR   shift, and go to state 85
    DOT    shift, and go to state 86
    LB     shift, and go to state 87

    $default  reduce using rule 43 (Exp)


状态 100

   42 Exp: Exp . ASSIGNOP Exp
   43    | Exp . AND Exp
   44    | Exp . OR Exp
   45    | Exp . RELOP Exp
   45    | Exp RELOP Exp .
   46    | Exp . PLUS Exp
   47    | Exp . MINUS Exp
   48    | Exp . STAR Exp
   49    | Exp . DIV Exp
   55    | Exp . LB Exp RB
   56    | Exp . DOT ID

    MINUS  shift, and go to state 82
    PLUS   shift, and go to state 83
    DIV    shift, and go to state 84
    STAR   shift, and go to state 85
    DOT    shift, and go to state 86
    LB     shift, and go to state 87

    $default  reduce using rule 45 (Exp)


状态 101

   42 Exp: Exp . ASSIGNOP Exp
   43    | Exp . AND Exp
   44    | Exp . OR Exp
   45    | Exp . RELOP Exp
   46    | Exp . PLUS Exp
   47    | Exp . MINUS Exp
   47    | Exp MINUS Exp .
   48    | Exp . STAR Exp
   49    | Exp . DIV Exp
   55    | Exp . LB Exp RB
   56    | Exp . DOT ID

    DIV   shift, and go to state 84
    STAR  shift, and go to state 85
    DOT   shift, and go to state 86
    LB    shift, and go to state 87

    $default  reduce using rule 47 (Exp)


状态 102

   42 Exp: Exp . ASSIGNOP Exp
   43    | Exp . AND Exp
   44    | Exp . OR Exp
   45    | Exp . RELOP Exp
   46    | Exp . PLUS Exp
   46    | Exp PLUS Exp .
   47    | Exp . MINUS Exp
   48    | Exp . STAR Exp
   49    | Exp . DIV Exp
   55    | Exp . LB Exp RB
   56    | Exp . DOT ID

    DIV   shift, and go to state 84
    STAR  shift, and go to state 85
    DOT   shift, and go to state 86
    LB    shift, and go to state 87

    $default  reduce using rule 46 (Exp)


状态 103

   42 Exp: Exp . ASSIGNOP Exp
   43    | Exp . AND Exp
   44    | Exp . OR Exp
   45    | Exp . RELOP Exp
   46    | Exp . PLUS Exp
   47    | Exp . MINUS Exp
   48    | Exp . STAR Exp
   49    | Exp . DIV Exp
   49    | Exp DIV Exp .
   55    | Exp . LB Exp RB
   56    | Exp . DOT ID

    DOT  shift, and go to state 86
    LB   shift, and go to state 87

    $default  reduce using rule 49 (Exp)


状态 104

   42 Exp: Exp . ASSIGNOP Exp
   43    | Exp . AND Exp
   44    | Exp . OR Exp
   45    | Exp . RELOP Exp
   46    | Exp . PLUS Exp
   47    | Exp . MINUS Exp
   48    | Exp . STAR Exp
   48    | Exp STAR Exp .
   49    | Exp . DIV Exp
   55    | Exp . LB Exp RB
   56    | Exp . DOT ID

    DOT  shift, and go to state 86
    LB   shift, and go to state 87

    $default  reduce using rule 48 (Exp)


状态 105

   56 Exp: Exp DOT ID .

    $default  reduce using rule 56 (Exp)


状态 106

   42 Exp: Exp . ASSIGNOP Exp
   43    | Exp . AND Exp
   44    | Exp . OR Exp
   45    | Exp . RELOP Exp
   46    | Exp . PLUS Exp
   47    | Exp . MINUS Exp
   48    | Exp . STAR Exp
   49    | Exp . DIV Exp
   55    | Exp . LB Exp RB
   55    | Exp LB Exp . RB
   56    | Exp . DOT ID

    ASSIGNOP  shift, and go to state 78
    OR        shift, and go to state 79
    AND       shift, and go to state 80
    RELOP     shift, and go to state 81
    MINUS     shift, and go to state 82
    PLUS      shift, and go to state 83
    DIV       shift, and go to state 84
    STAR      shift, and go to state 85
    DOT       shift, and go to state 86
    RB        shift, and go to state 111
    LB        shift, and go to state 87


状态 107

   60 Args: Exp COMMA . Args

    INT    shift, and go to state 51
    FLOAT  shift, and go to state 52
    ID     shift, and go to state 53
    MINUS  shift, and go to state 57
    NOT    shift, and go to state 58
    LP     shift, and go to state 59

    Exp   转到状态91
    Args  转到状态112


状态 108

   53 Exp: ID LP Args RP .

    $default  reduce using rule 53 (Exp)


状态 109

   31 Stmt: IF LP Exp RP . Stmt
   32     | IF LP Exp RP . Stmt ELSE Stmt

    INT     shift, and go to state 51
    FLOAT   shift, and go to state 52
    ID      shift, and go to state 53
    LC      shift, and go to state 27
    RETURN  shift, and go to state 54
    IF      shift, and go to state 55
    WHILE   shift, and go to state 56
    MINUS   shift, and go to state 57
    NOT     shift, and go to state 58
    LP      shift, and go to state 59

    CompSt  转到状态60
    Stmt    转到状态113
    Exp     转到状态63


状态 110

   33 Stmt: WHILE LP Exp RP . Stmt

    INT     shift, and go to state 51
    FLOAT   shift, and go to state 52
    ID      shift, and go to state 53
    LC      shift, and go to state 27
    RETURN  shift, and go to state 54
    IF      shift, and go to state 55
    WHILE   shift, and go to state 56
    MINUS   shift, and go to state 57
    NOT     shift, and go to state 58
    LP      shift, and go to state 59

    CompSt  转到状态60
    Stmt    转到状态114
    Exp     转到状态63


状态 111

   55 Exp: Exp LB Exp RB .

    $default  reduce using rule 55 (Exp)


状态 112

   60 Args: Exp COMMA Args .

    $default  reduce using rule 60 (Args)


状态 113

   31 Stmt: IF LP Exp RP Stmt .
   32     | IF LP Exp RP Stmt . ELSE Stmt

    ELSE  shift, and go to state 115

    $default  reduce using rule 31 (Stmt)


状态 114

   33 Stmt: WHILE LP Exp RP Stmt .

    $default  reduce using rule 33 (Stmt)


状态 115

   32 Stmt: IF LP Exp RP Stmt ELSE . Stmt

    INT     shift, and go to state 51
    FLOAT   shift, and go to state 52
    ID      shift, and go to state 53
    LC      shift, and go to state 27
    RETURN  shift, and go to state 54
    IF      shift, and go to state 55
    WHILE   shift, and go to state 56
    MINUS   shift, and go to state 57
    NOT     shift, and go to state 58
    LP      shift, and go to state 59

    CompSt  转到状态60
    Stmt    转到状态116
    Exp     转到状态63


状态 116

   32 Stmt: IF LP Exp RP Stmt ELSE Stmt .

    $default  reduce using rule 32 (Stmt)
